[2024:11:02 - 12:15:52] Invalid architecture
[2024:11:02 - 12:17:12] Invalid architecture
[2024:11:02 - 12:20:02] Process exited with code 0
[2024:11:02 - 12:46:17] 61
[2024:11:02 - 12:46:17] 66
[2024:11:02 - 12:46:17] 70
[2024:11:02 - 12:46:17] 74
[2024:11:02 - 12:46:17] 84
[2024:11:02 - 12:46:17] 70
[2024:11:02 - 12:46:17] 74
[2024:11:02 - 12:46:17] 84
[2024:11:02 - 12:46:17] 90
[2024:11:02 - 12:46:17] 66
[2024:11:02 - 12:46:17] 70
[2024:11:02 - 12:46:17] 74
[2024:11:02 - 12:46:17] 84
[2024:11:02 - 12:46:17] 70
[2024:11:02 - 12:46:17] 74
[2024:11:02 - 12:46:17] 84
[2024:11:02 - 12:46:17] 70
[2024:11:02 - 12:46:17] 74
[2024:11:02 - 12:46:17] 84
[2024:11:02 - 12:46:17] 90
[2024:11:02 - 12:48:55] Process exited with code 0
[2024:11:02 - 12:49:47] Function: 
[2024:11:02 - 12:49:47] Function: 
[2024:11:02 - 12:49:47] Function: 
[2024:11:02 - 12:49:47] Function: 
[2024:11:02 - 12:49:47] Function: 
[2024:11:02 - 12:51:21] Process exited with code 0
[2024:11:02 - 13:06:44] Invalid architecture
[2024:11:02 - 13:34:44] Process exited with code 3221225477
[2024:11:02 - 14:07:01] Invalid architecture
[2024:11:02 - 14:10:47] Process exited with code 2147500037
[2024:11:02 - 14:11:42] Process exited with code 2147500037
[2024:11:02 - 14:12:39] Process exited with code 2147500037
[2024:11:02 - 14:12:56] Process exited with code 2147500037
[2024:11:02 - 14:14:46] Process exited with code 2147500037
[2024:11:02 - 14:15:54] Process exited with code 2147500037
